This file contains any messages produced by compilers while
running configure, to aid debugging if configure makes a mistake.

It was created by Helloworld C++ configure 0.5, which was
generated by GNU Autoconf 2.65.  Invocation command line was

  $ ./configure 

## --------- ##
## Platform. ##
## --------- ##

hostname = Horus
uname -m = i686
uname -r = 2.6.32-24-generic-pae
uname -s = Linux
uname -v = #43-Ubuntu SMP Thu Sep 16 15:30:27 UTC 2010

/usr/bin/uname -p = unknown
/bin/uname -X     = unknown

/bin/arch              = unknown
/usr/bin/arch -k       = unknown
/usr/convex/getsysinfo = unknown
/usr/bin/hostinfo      = unknown
/bin/machine           = unknown
/usr/bin/oslevel       = unknown
/bin/universe          = unknown

PATH: /usr/local/sbin
PATH: /usr/local/bin
PATH: /usr/sbin
PATH: /usr/bin
PATH: /sbin
PATH: /bin
PATH: /usr/games


## ----------- ##
## Core tests. ##
## ----------- ##

configure:1790: checking for a BSD-compatible install
configure:1858: result: /usr/bin/install -c
configure:1869: checking whether build environment is sane
configure:1919: result: yes
configure:2060: checking for a thread-safe mkdir -p
configure:2099: result: /bin/mkdir -p
configure:2112: checking for gawk
configure:2128: found /usr/bin/gawk
configure:2139: result: gawk
configure:2150: checking whether make sets $(MAKE)
configure:2172: result: yes
configure:2358: checking for C++ compiler version
configure:2367: distcc g++-4.1 --version >&5
g++-4.1 (GCC) 4.1.3 20080704 (prerelease) (Ubuntu 4.1.2-27ubuntu1)
Copyright (C) 2006 Free Software Foundation, Inc.
This is free software; see the source for copying conditions.  There is NO
warranty; not even for MERCHANTABILITY or FITNESS FOR A PARTICULAR PURPOSE.

configure:2378: $? = 0
configure:2367: distcc g++-4.1 -v >&5
Using built-in specs.
Target: i486-linux-gnu
Configured with: ../src/configure -v --enable-languages=c,c++ --prefix=/usr --enable-shared --with-system-zlib --libexecdir=/usr/lib --without-included-gettext --enable-threads=posix --enable-nls --with-gxx-include-dir=/usr/include/c++/4.1.3 --program-suffix=-4.1 --enable-__cxa_atexit --enable-clocale=gnu --enable-libstdcxx-debug --with-tune=generic --enable-checking=release i486-linux-gnu
Thread model: posix
gcc version 4.1.3 20080704 (prerelease) (Ubuntu 4.1.2-27ubuntu1)
configure:2378: $? = 0
configure:2367: distcc g++-4.1 -V >&5
g++-4.1: '-V' option must have argument
distcc[4505] ERROR: compile (null) on localhost failed
configure:2378: $? = 1
configure:2367: distcc g++-4.1 -qversion >&5
g++-4.1: unrecognized option '-qversion'
g++-4.1: no input files
distcc[4511] ERROR: compile (null) on localhost failed
configure:2378: $? = 1
configure:2398: checking whether the C++ compiler works
configure:2420: distcc g++-4.1    conftest.cpp  >&5
configure:2424: $? = 0
configure:2473: result: yes
configure:2476: checking for C++ compiler default output file name
configure:2478: result: a.out
configure:2484: checking for suffix of executables
configure:2491: distcc g++-4.1 -o conftest    conftest.cpp  >&5
configure:2495: $? = 0
configure:2517: result: 
configure:2539: checking whether we are cross compiling
configure:2547: distcc g++-4.1 -o conftest    conftest.cpp  >&5
configure:2551: $? = 0
configure:2558: ./conftest
configure:2562: $? = 0
configure:2577: result: no
configure:2582: checking for suffix of object files
configure:2604: distcc g++-4.1 -c   conftest.cpp >&5
configure:2608: $? = 0
configure:2629: result: o
configure:2633: checking whether we are using the GNU C++ compiler
configure:2652: distcc g++-4.1 -c   conftest.cpp >&5
configure:2652: $? = 0
configure:2661: result: yes
configure:2670: checking whether distcc g++-4.1 accepts -g
configure:2690: distcc g++-4.1 -c -g  conftest.cpp >&5
configure:2690: $? = 0
configure:2731: result: yes
configure:2765: checking for style of include used by make
configure:2793: result: GNU
configure:2818: checking dependency style of distcc g++-4.1
configure:2928: result: gcc3
configure:3063: creating ./config.status

## ---------------------- ##
## Running config.status. ##
## ---------------------- ##

This file was extended by Helloworld C++ config.status 0.5, which was
generated by GNU Autoconf 2.65.  Invocation command line was

  CONFIG_FILES    = 
  CONFIG_HEADERS  = 
  CONFIG_LINKS    = 
  CONFIG_COMMANDS = 
  $ ./config.status 

on Horus

config.status:836: creating Makefile
config.status:836: creating config.h
config.status:1056: executing depfiles commands

## ---------------- ##
## Cache variables. ##
## ---------------- ##

ac_cv_cxx_compiler_gnu=yes
ac_cv_env_CCC_set=
ac_cv_env_CCC_value=
ac_cv_env_CPPFLAGS_set=
ac_cv_env_CPPFLAGS_value=
ac_cv_env_CXXFLAGS_set=
ac_cv_env_CXXFLAGS_value=
ac_cv_env_CXX_set=set
ac_cv_env_CXX_value='distcc g++-4.1'
ac_cv_env_LDFLAGS_set=
ac_cv_env_LDFLAGS_value=
ac_cv_env_LIBS_set=
ac_cv_env_LIBS_value=
ac_cv_env_build_alias_set=
ac_cv_env_build_alias_value=
ac_cv_env_host_alias_set=
ac_cv_env_host_alias_value=
ac_cv_env_target_alias_set=
ac_cv_env_target_alias_value=
ac_cv_objext=o
ac_cv_path_install='/usr/bin/install -c'
ac_cv_path_mkdir=/bin/mkdir
ac_cv_prog_AWK=gawk
ac_cv_prog_cxx_g=yes
ac_cv_prog_make_make_set=yes
am_cv_CXX_dependencies_compiler_type=gcc3

## ----------------- ##
## Output variables. ##
## ----------------- ##

ACLOCAL='${SHELL} /home/pvicente/workspace/AutoConf/helloworld_cc-0.5/missing --run aclocal-1.11'
AMDEPBACKSLASH='\'
AMDEP_FALSE='#'
AMDEP_TRUE=''
AMTAR='${SHELL} /home/pvicente/workspace/AutoConf/helloworld_cc-0.5/missing --run tar'
AUTOCONF='${SHELL} /home/pvicente/workspace/AutoConf/helloworld_cc-0.5/missing --run autoconf'
AUTOHEADER='${SHELL} /home/pvicente/workspace/AutoConf/helloworld_cc-0.5/missing --run autoheader'
AUTOMAKE='${SHELL} /home/pvicente/workspace/AutoConf/helloworld_cc-0.5/missing --run automake-1.11'
AWK='gawk'
CPPFLAGS=''
CXX='distcc g++-4.1'
CXXDEPMODE='depmode=gcc3'
CXXFLAGS='-g -O2'
CYGPATH_W='echo'
DEFS='-DHAVE_CONFIG_H'
DEPDIR='.deps'
ECHO_C=''
ECHO_N='-n'
ECHO_T=''
EXEEXT=''
INSTALL_DATA='${INSTALL} -m 644'
INSTALL_PROGRAM='${INSTALL}'
INSTALL_SCRIPT='${INSTALL}'
INSTALL_STRIP_PROGRAM='$(install_sh) -c -s'
LDFLAGS=''
LIBOBJS=''
LIBS=''
LTLIBOBJS=''
MAKEINFO='${SHELL} /home/pvicente/workspace/AutoConf/helloworld_cc-0.5/missing --run makeinfo'
MKDIR_P='/bin/mkdir -p'
OBJEXT='o'
PACKAGE='helloworld_cc'
PACKAGE_BUGREPORT='murrayc@openismus.com'
PACKAGE_NAME='Helloworld C++'
PACKAGE_STRING='Helloworld C++ 0.5'
PACKAGE_TARNAME='helloworld_cc'
PACKAGE_URL='http://www.openismus.com/documents/linux/automake/automake'
PACKAGE_VERSION='0.5'
PATH_SEPARATOR=':'
SET_MAKE=''
SHELL='/bin/sh'
STRIP=''
VERSION='0.5'
ac_ct_CXX=''
am__EXEEXT_FALSE=''
am__EXEEXT_TRUE='#'
am__fastdepCXX_FALSE='#'
am__fastdepCXX_TRUE=''
am__include='include'
am__isrc=''
am__leading_dot='.'
am__quote=''
am__tar='${AMTAR} chof - "$$tardir"'
am__untar='${AMTAR} xf -'
bindir='${exec_prefix}/bin'
build_alias=''
datadir='${datarootdir}'
datarootdir='${prefix}/share'
docdir='${datarootdir}/doc/${PACKAGE_TARNAME}'
dvidir='${docdir}'
exec_prefix='${prefix}'
host_alias=''
htmldir='${docdir}'
includedir='${prefix}/include'
infodir='${datarootdir}/info'
install_sh='${SHELL} /home/pvicente/workspace/AutoConf/helloworld_cc-0.5/install-sh'
libdir='${exec_prefix}/lib'
libexecdir='${exec_prefix}/libexec'
localedir='${datarootdir}/locale'
localstatedir='${prefix}/var'
mandir='${datarootdir}/man'
mkdir_p='/bin/mkdir -p'
oldincludedir='/usr/include'
pdfdir='${docdir}'
prefix='/usr/local'
program_transform_name='s,x,x,'
psdir='${docdir}'
sbindir='${exec_prefix}/sbin'
sharedstatedir='${prefix}/com'
sysconfdir='${prefix}/etc'
target_alias=''

## ----------- ##
## confdefs.h. ##
## ----------- ##

/* confdefs.h */
#define PACKAGE_NAME "Helloworld C++"
#define PACKAGE_TARNAME "helloworld_cc"
#define PACKAGE_VERSION "0.5"
#define PACKAGE_STRING "Helloworld C++ 0.5"
#define PACKAGE_BUGREPORT "murrayc@openismus.com"
#define PACKAGE_URL "http://www.openismus.com/documents/linux/automake/automake"

configure: exit 0
